11:09:20.783 DEBUG [o.w.p.h.HttpService]  --> POST https://ropsten.infura.io/ http/1.1
11:09:20.784 DEBUG [o.w.p.h.HttpService]  Content-Type: application/json; charset=utf-8
11:09:20.784 DEBUG [o.w.p.h.HttpService]  Content-Length: 124
11:09:20.785 DEBUG [o.w.p.h.HttpService]  
11:09:20.785 DEBUG [o.w.p.h.HttpService]  {"jsonrpc":"2.0","method":"eth_getTransactionCount","params":["0xF4e8472b3a737F332fbA906845f7184c809aD370","latest"],"id":1}
11:09:20.785 DEBUG [o.w.p.h.HttpService]  --> END POST (124-byte body)
11:09:22.754 DEBUG [o.w.p.h.HttpService]  <-- 200 OK https://ropsten.infura.io/ (1968ms)
11:09:22.754 DEBUG [o.w.p.h.HttpService]  Date: Fri, 16 Mar 2018 03:09:21 GMT
11:09:22.754 DEBUG [o.w.p.h.HttpService]  Content-Type: application/json
11:09:22.754 DEBUG [o.w.p.h.HttpService]  Content-Length: 41
11:09:22.754 DEBUG [o.w.p.h.HttpService]  Connection: keep-alive
11:09:22.754 DEBUG [o.w.p.h.HttpService]  Server: nginx/1.10.3 (Ubuntu)
11:09:22.754 DEBUG [o.w.p.h.HttpService]  Vary: Origin
11:09:22.754 DEBUG [o.w.p.h.HttpService]  
11:09:22.754 DEBUG [o.w.p.h.HttpService]  {"jsonrpc":"2.0","id":1,"result":"0x19"}

11:09:22.754 DEBUG [o.w.p.h.HttpService]  <-- END HTTP (41-byte body)
11:10:05.974 INFO [general]  Config ( yes ): default properties from resource 'ethereumj.conf'
11:10:05.975 INFO [general]  Config ( no  ): user properties from -Dethereumj.conf.res resource 'null'
11:10:05.975 INFO [general]  Config ( no  ): user properties from resource 'user.conf'
11:10:05.975 INFO [general]  Config ( no  ): user properties from file 'D:\test\web3j-sign-provider\config\ethereumj.conf'
11:10:05.975 INFO [general]  Config ( no  ): test properties from resource 'test-ethereumj.conf'
11:10:05.976 INFO [general]  Config ( no  ): test properties from resource 'test-user.conf'
11:10:05.976 INFO [general]  Config ( no  ): user properties from -Dethereumj.conf.file file 'null'
11:10:05.976 INFO [general]  Config ( no  ): config passed via constructor
11:10:05.978 DEBUG [general]  Config trace: # ethereumj.conf: 164-415
blockchain {
    # ethereumj.conf: 164
    config {
        # ethereumj.conf: 164
        name=main
    }
    # ethereumj.conf: 415
    only=false
}
# ethereumj.conf: 421
blocks {
    # ethereumj.conf: 421
    loader=""
}
# ethereumj.conf: 211
cache {
    # ethereumj.conf: 232
    blockQueueSize=32
    # ethereumj.conf: 213
    flush {
        # ethereumj.conf: 222
        blocks=0
        # ethereumj.conf: 225
        shortSyncFlush=true
        # ethereumj.conf: 217
        writeCacheSize=64
    }
    # ethereumj.conf: 235
    headerQueueSize=8
    # ethereumj.conf: 241
    maxStateBloomSize=128
    # ethereumj.conf: 229
    stateCacheSize=256
}
# ethereumj.conf: 424
crypto {
    # ethereumj.conf: 428-429
    hash {
        # ethereumj.conf: 428
        alg256=ETH-KECCAK-256
        # ethereumj.conf: 429
        alg512=ETH-KECCAK-512
    }
    # ethereumj.conf: 426
    providerName=SC
}
# ethereumj.conf: 172
database {
    # ethereumj.conf: 175
    dir=database
    # ethereumj.conf: 194
    incompatibleDatabaseBehavior=EXIT
    # ethereumj.conf: 200
    prune {
        # ethereumj.conf: 201
        enabled=true
        # ethereumj.conf: 206
        maxDepth=192
    }
    # ethereumj.conf: 181
    reset=false
    # ethereumj.conf: 187
    resetBlock=0
}
# ethereumj.conf: 344
dump {
    # ethereumj.conf: 357
    block=-1
    # ethereumj.conf: 361
    clean {
        # ethereumj.conf: 361
        on {
            # ethereumj.conf: 361
            restart=true
        }
    }
    # ethereumj.conf: 351
    dir=dmp
    # ethereumj.conf: 350
    full=false
    # ethereumj.conf: 358
    style=pretty
}
# ethereumj.conf: 150
genesis="frontier.json"
# ethereumj.conf: 397
hello {
    # ethereumj.conf: 397
    phrase=Dev
}
# ethereumj.conf: 412
keyvalue {
    # ethereumj.conf: 412
    datasource=leveldb
}
# ethereumj.conf: 283
mine {
    # ethereumj.conf: 302
    coinbase="0000000000000000000000000000000000000000"
    # ethereumj.conf: 293
    cpuMineThreads=4
    # ethereumj.conf: 306
    extraData="EthereumJ powered"
    # ethereumj.conf: 299
    fullDataSet=true
    # ethereumj.conf: 315
    minBlockTimeoutMsec=0
    # ethereumj.conf: 312
    minGasPrice=15000000000
    # ethereumj.conf: 289
    start=false
    # ethereumj.conf: 319
    startNonce=null
}
# ethereumj.conf: 1-77
peer {
    # ethereumj.conf: 92
    active=[]
    # ethereumj.conf: 121
    capabilities=[
        # ethereumj.conf: 121
        eth
    ]
    # ethereumj.conf: 130
    channel {
        # ethereumj.conf: 130
        read {
            # ethereumj.conf: 130
            timeout=90
        }
    }
    # ethereumj.conf: 125
    connection {
        # ethereumj.conf: 125
        timeout=2
    }
    # ethereumj.conf: 1
    discovery {
        # ethereumj.conf: 52
        bind {
            # ethereumj.conf: 52
            ip=""
        }
        # ethereumj.conf: 8
        enabled=true
        # ethereumj.conf: 44
        external {
            # ethereumj.conf: 44
            ip=null
        }
        # ethereumj.conf: 13
        ip {
            # ethereumj.conf: 13
            list=[
                # ethereumj.conf: 15
                "5.1.83.226:30303",
                # ethereumj.conf: 18
                "52.16.188.185:30303",
                # ethereumj.conf: 19
                "13.93.211.84:30303",
                # ethereumj.conf: 20
                "191.235.84.50:30303",
                # ethereumj.conf: 21
                "13.75.154.138:30303",
                # ethereumj.conf: 22
                "52.74.57.123:30303",
                # ethereumj.conf: 25
                "163.172.187.252:30303",
                # ethereumj.conf: 26
                "163.172.157.114:30303",
                # ethereumj.conf: 27
                "136.243.154.244:30303",
                # ethereumj.conf: 28
                "88.212.206.70:30303",
                # ethereumj.conf: 29
                "37.128.191.230:30303",
                # ethereumj.conf: 30
                "46.20.235.22:30303",
                # ethereumj.conf: 31
                "216.158.85.185:30303",
                # ethereumj.conf: 32
                "212.47.247.103:30303",
                # ethereumj.conf: 33
                "138.201.144.135:30303",
                # ethereumj.conf: 34
                "45.55.33.62:30303",
                # ethereumj.conf: 35
                "188.166.255.12:30303",
                # ethereumj.conf: 36
                "159.203.210.80:30303",
                # ethereumj.conf: 37
                "51.15.42.252:30303",
                # ethereumj.conf: 38
                "163.172.171.38:30303"
            ]
        }
        # ethereumj.conf: 60
        persist=true
        # ethereumj.conf: 56
        public {
            # ethereumj.conf: 56
            home {
                # ethereumj.conf: 56
                node=true
            }
        }
        # ethereumj.conf: 69
        touchMaxNodes=100
        # ethereumj.conf: 65
        touchPeriod=600
        # ethereumj.conf: 74
        workers=8
    }
    # ethereumj.conf: 80
    listen {
        # ethereumj.conf: 80
        port=30303
    }
    # ethereumj.conf: 117
    maxActivePeers=30
    # ethereumj.conf: 83
    networkId=1
    # ethereumj.conf: 132
    p2p {
        # ethereumj.conf: 142
        eip8=true
        # ethereumj.conf: 138
        framing {
            # ethereumj.conf: 138
            maxSize=32768
        }
    }
    # ethereumj.conf: 103
    trusted=[]
}
# ethereumj.conf: 393
play {
    # ethereumj.conf: 393
    vm=true
}
# ethereumj.conf: 386-414
record {
    # ethereumj.conf: 414
    blocks=false
    # ethereumj.conf: 386
    internal {
        # ethereumj.conf: 386
        transactions {
            # ethereumj.conf: 386
            data=true
        }
    }
}
# ethereumj.conf: 409
root {
    # ethereumj.conf: 409
    hash {
        # ethereumj.conf: 409
        start=null
    }
}
# ethereumj.conf: 323
solc {
    # ethereumj.conf: 326
    path=null
}
# ethereumj.conf: 245
sync {
    # ethereumj.conf: 249
    enabled=true
    # ethereumj.conf: 279
    exitOnBlockConflict=false
    # ethereumj.conf: 252
    fast {
        # ethereumj.conf: 256
        enabled=false
    }
    # ethereumj.conf: 270
    peer {
        # ethereumj.conf: 270
        count=30
    }
}
# ethereumj.conf: 381
trace {
    # ethereumj.conf: 381
    startblock=-1
}
# ethereumj.conf: 338-342
transaction {
    # ethereumj.conf: 338
    approve {
        # ethereumj.conf: 338
        timeout=15
    }
    # ethereumj.conf: 342
    outdated {
        # ethereumj.conf: 342
        threshold=10
    }
}
# ethereumj.conf: 371
vm {
    # ethereumj.conf: 371
    structured {
        # ethereumj.conf: 374
        compressed=true
        # ethereumj.conf: 373
        dir=vmtrace
        # ethereumj.conf: 375
        initStorageLimit=10000
        # ethereumj.conf: 372
        trace=false
    }
}

11:10:06.025 DEBUG [o.w.p.h.HttpService]  --> POST https://ropsten.infura.io/ http/1.1
11:10:06.025 DEBUG [o.w.p.h.HttpService]  Content-Type: application/json; charset=utf-8
11:10:06.025 DEBUG [o.w.p.h.HttpService]  Content-Length: 294
11:10:06.025 DEBUG [o.w.p.h.HttpService]  
11:10:06.025 DEBUG [o.w.p.h.HttpService]  {"jsonrpc":"2.0","method":"eth_sendRawTransaction","params":["0xf86c1985012a05f2008252089454720e818dc0f94037b7dfb2d28c9401fc53bfee880de0b6b3a7640000801ca0b0df0821aa468c33e698ffdd3b8b87f33c1e63a32a93a63ca6d22cb43d5f816ca0124fc368ca190bd27551a0cf1ef679174e700b7eee7175c14e082db38dffeeb8"],"id":2}
11:10:06.025 DEBUG [o.w.p.h.HttpService]  --> END POST (294-byte body)
11:10:06.372 DEBUG [o.w.p.h.HttpService]  <-- 200 OK https://ropsten.infura.io/ (346ms)
11:10:06.372 DEBUG [o.w.p.h.HttpService]  Date: Fri, 16 Mar 2018 03:10:05 GMT
11:10:06.372 DEBUG [o.w.p.h.HttpService]  Content-Type: application/json
11:10:06.372 DEBUG [o.w.p.h.HttpService]  Content-Length: 103
11:10:06.372 DEBUG [o.w.p.h.HttpService]  Connection: keep-alive
11:10:06.372 DEBUG [o.w.p.h.HttpService]  Server: nginx/1.10.3 (Ubuntu)
11:10:06.372 DEBUG [o.w.p.h.HttpService]  Vary: Origin
11:10:06.372 DEBUG [o.w.p.h.HttpService]  
11:10:06.372 DEBUG [o.w.p.h.HttpService]  {"jsonrpc":"2.0","id":2,"result":"0x37469f97952b3956bf81af705ee224243294124f6a3031177740ed55d4b4cc8e"}

11:10:06.372 DEBUG [o.w.p.h.HttpService]  <-- END HTTP (103-byte body)
